<?xml version="1.0" encoding="UTF-8"?>
<testng-results ignored="0" total="1" passed="1" failed="0" skipped="0">
  <reporter-output>
  </reporter-output>
  <suite started-at="2021-04-03T20:17:06 MSK" name="Default suite" finished-at="2021-04-03T20:17:07 MSK" duration-ms="969">
    <groups>
    </groups>
    <test started-at="2021-04-03T20:17:06 MSK" name="Default test" finished-at="2021-04-03T20:17:07 MSK" duration-ms="969">
      <class name="by.alekseyshysh.task2.sax.SaAXParserTest">
        <test-method signature="parseTest()[pri:0, instance:by.alekseyshysh.task2.sax.SaAXParserTest@419c5f1a]" started-at="2021-04-03T20:17:06 MSK" name="parseTest" finished-at="2021-04-03T20:17:07 MSK" duration-ms="909" status="PASS">
          <reporter-output>
          </reporter-output>
        </test-method> <!-- parseTest -->
      </class> <!-- by.alekseyshysh.task2.sax.SaAXParserTest -->
    </test> <!-- Default test -->
  </suite> <!-- Default suite -->
</testng-results>
